<?xml version="1.0" encoding="UTF-8" ?>
<testsuite tests="1" failures="1" name="com.example.FirstTest" time="73.95" errors="0" skipped="0">
  <properties>
[...]
</properties>
  <testcase classname="com.example.FirstTest" name="com.example.FirstTest.testSearch" time="73.95">
    <failure message="timeout: Timed out receiving message from renderer: 10.000
  (Session info: chrome=87.0.4280.88)
Build info: version: &apos;3.141.59&apos;, revision: &apos;e82be7d358&apos;, time: &apos;2018-11-14T08:17:03&apos;
System info: host: &apos;EPINHYDW0217&apos;, ip: &apos;192.168.0.104&apos;, os.name: &apos;Windows 10&apos;, os.arch: &apos;amd64&apos;, os.version: &apos;10.0&apos;, java.version: &apos;1.8.0_121&apos;
Driver info: org.openqa.selenium.chrome.ChromeDriver
Capabilities {acceptInsecureCerts: false, browserName: chrome, browserVersion: 87.0.4280.88, chrome: {chromedriverVersion: 86.0.4240.22 (398b0743353ff..., userDataDir: C:\Users\NITHEE~1\AppData\L...}, goog:chromeOptions: {debuggerAddress: localhost:58927}, javascriptEnabled: true, networkConnectionEnabled: false, pageLoadStrategy: normal, platform: WINDOWS, platformName: WINDOWS, proxy: Proxy(), setWindowRect: true, strictFileInteractability: false, timeouts: {implicit: 0, pageLoad: 300000, script: 30000}, unhandledPromptBehavior: dismiss and notify, webauthn:virtualAuthenticators: true}
Session ID: 4dacc1dfd237c71ac46a73a7a67e3404" type="org.openqa.selenium.TimeoutException">org.openqa.selenium.TimeoutException: timeout: Timed out receiving message from renderer: 10.000
  (Session info: chrome=87.0.4280.88)
Build info: version: &apos;3.141.59&apos;, revision: &apos;e82be7d358&apos;, time: &apos;2018-11-14T08:17:03&apos;
System info: host: &apos;EPINHYDW0217&apos;, ip: &apos;192.168.0.104&apos;, os.name: &apos;Windows 10&apos;, os.arch: &apos;amd64&apos;, os.version: &apos;10.0&apos;, java.version: &apos;1.8.0_121&apos;
Driver info: org.openqa.selenium.chrome.ChromeDriver
Capabilities {acceptInsecureCerts: false, browserName: chrome, browserVersion: 87.0.4280.88, chrome: {chromedriverVersion: 86.0.4240.22 (398b0743353ff..., userDataDir: C:\Users\NITHEE~1\AppData\L...}, goog:chromeOptions: {debuggerAddress: localhost:58927}, javascriptEnabled: true, networkConnectionEnabled: false, pageLoadStrategy: normal, platform: WINDOWS, platformName: WINDOWS, proxy: Proxy(), setWindowRect: true, strictFileInteractability: false, timeouts: {implicit: 0, pageLoad: 300000, script: 30000}, unhandledPromptBehavior: dismiss and notify, webauthn:virtualAuthenticators: true}
Session ID: 4dacc1dfd237c71ac46a73a7a67e3404
	at sun.reflect.NativeConstructorAccessorImpl.newInstance0(Native Method)
	at sun.reflect.NativeConstructorAccessorImpl.newInstance(NativeConstructorAccessorImpl.java:62)
	at sun.reflect.DelegatingConstructorAccessorImpl.newInstance(DelegatingConstructorAccessorImpl.java:45)
	at java.lang.reflect.Constructor.newInstance(Constructor.java:423)
	at org.openqa.selenium.remote.http.W3CHttpResponseCodec.createException(W3CHttpResponseCodec.java:187)
	at org.openqa.selenium.remote.http.W3CHttpResponseCodec.decode(W3CHttpResponseCodec.java:122)
	at org.openqa.selenium.remote.http.W3CHttpResponseCodec.decode(W3CHttpResponseCodec.java:49)
	at org.openqa.selenium.remote.HttpCommandExecutor.execute(HttpCommandExecutor.java:158)
	at org.openqa.selenium.remote.service.DriverCommandExecutor.execute(DriverCommandExecutor.java:83)
	at org.openqa.selenium.remote.RemoteWebDriver.execute(RemoteWebDriver.java:552)
	at org.openqa.selenium.remote.RemoteWebDriver.execute(RemoteWebDriver.java:609)
	at org.openqa.selenium.remote.RemoteWebDriver.getScreenshotAs(RemoteWebDriver.java:295)
	at com.epam.healenium.service.impl.HealingServiceImpl.captureScreen(HealingServiceImpl.java:85)
	at com.epam.healenium.service.impl.HealingServiceImpl.healLocator(HealingServiceImpl.java:64)
	at com.epam.healenium.service.impl.HealingServiceImpl.heal(HealingServiceImpl.java:42)
	at com.epam.healenium.handlers.proxy.BaseHandler.lookUp(BaseHandler.java:71)
	at com.epam.healenium.handlers.proxy.BaseHandler.findElement(BaseHandler.java:51)
	at com.epam.healenium.handlers.proxy.SelfHealingProxyInvocationHandler.invoke(SelfHealingProxyInvocationHandler.java:37)
	at com.sun.proxy.$Proxy0.findElement(Unknown Source)
	at pages.GooglePage.searchItem(GooglePage.java:14)
	at com.example.FirstTest.testSearch(FirstTest.java:14)
</failure>
    <system-err>Starting ChromeDriver 86.0.4240.22 (398b0743353ff36fb1b82468f63a3a93b4e2e89e-refs/branch-heads/4240@{#378}) on port 11772
Only local connections are allowed.
Please see https://chromedriver.chromium.org/security-considerations for suggestions on keeping ChromeDriver safe.
ChromeDriver was started successfully.
[1608811896.018][WARNING]: This version of ChromeDriver has not been tested with Chrome version 87.
Dec 24, 2020 5:41:38 PM org.openqa.selenium.remote.ProtocolHandshake createSession
INFO: Detected dialect: W3C
[main] WARN com.epam.healenium.utils.StackUtils - Failed to check class: org.apache.maven.surefire.junit.PojoTestSet
[main] WARN com.epam.healenium.utils.StackUtils - Failed to check class: org.apache.maven.surefire.junit.PojoTestSet
[main] WARN com.epam.healenium.utils.StackUtils - Failed to check class: org.apache.maven.surefire.junit.PojoTestSet
[main] WARN com.epam.healenium.utils.StackUtils - Failed to check class: org.apache.maven.surefire.junit.JUnit3Provider
[main] WARN com.epam.healenium.utils.StackUtils - Failed to check class: org.apache.maven.surefire.junit.JUnit3Provider
[main] WARN com.epam.healenium.handlers.proxy.BaseHandler - Failed to find an element using locator By.xpath: //input[@id=&apos;fname&apos;]
Reason: no such element: Unable to locate element: {&quot;method&quot;:&quot;xpath&quot;,&quot;selector&quot;:&quot;//input[@id=&apos;fname&apos;]&quot;}
  (Session info: chrome=87.0.4280.88)
For documentation on this error, please visit: https://www.seleniumhq.org/exceptions/no_such_element.html
Build info: version: &apos;3.141.59&apos;, revision: &apos;e82be7d358&apos;, time: &apos;2018-11-14T08:17:03&apos;
System info: host: &apos;EPINHYDW0217&apos;, ip: &apos;192.168.0.104&apos;, os.name: &apos;Windows 10&apos;, os.arch: &apos;amd64&apos;, os.version: &apos;10.0&apos;, java.version: &apos;1.8.0_121&apos;
Driver info: org.openqa.selenium.chrome.ChromeDriver
Capabilities {acceptInsecureCerts: false, browserName: chrome, browserVersion: 87.0.4280.88, chrome: {chromedriverVersion: 86.0.4240.22 (398b0743353ff..., userDataDir: C:\Users\NITHEE~1\AppData\L...}, goog:chromeOptions: {debuggerAddress: localhost:58927}, javascriptEnabled: true, networkConnectionEnabled: false, pageLoadStrategy: normal, platform: WINDOWS, platformName: WINDOWS, proxy: Proxy(), setWindowRect: true, strictFileInteractability: false, timeouts: {implicit: 0, pageLoad: 300000, script: 30000}, unhandledPromptBehavior: dismiss and notify, webauthn:virtualAuthenticators: true}
Session ID: 4dacc1dfd237c71ac46a73a7a67e3404
*** Element info: {Using=xpath, value=//input[@id=&apos;fname&apos;]}
Trying to heal...
[main] WARN com.epam.healenium.service.impl.HealingServiceImpl - Using healed locator: Optional[Scored(score=0.9761904761904763, value=By.cssSelector: input#fname1)]
Dec 24, 2020 5:41:45 PM org.openqa.selenium.remote.Augmenter extractRemoteWebDriver
WARNING: Augmenter should be applied to the instances of @Augmentable classes or previously augmented instances only (instance class was: class org.openqa.selenium.chrome.ChromeDriver)
[1608811915.769][SEVERE]: Timed out receiving message from renderer: 10.000
[1608811915.770][WARNING]: screenshot failed, retrying timeout: Timed out receiving message from renderer: 10.000
[1608811925.770][SEVERE]: Timed out receiving message from renderer: 10.000
[1608811935.777][SEVERE]: Timed out receiving message from renderer: 10.000
[1608811935.777][WARNING]: screenshot failed, retrying timeout: Timed out receiving message from renderer: 10.000
[1608811945.777][SEVERE]: Timed out receiving message from renderer: 10.000
[1608811955.783][SEVERE]: Timed out receiving message from renderer: 10.000
[1608811955.783][WARNING]: screenshot failed, retrying timeout: Timed out receiving message from renderer: 10.000
[1608811965.784][SEVERE]: Timed out receiving message from renderer: 10.000
</system-err>
  </testcase>
</testsuite>